d:\3d\ldta-engine\ldta-engine\intermediate\x64\debug\vc143.pdb
d:\3d\ldta-engine\ldta-engine\intermediate\x64\debug\vc143.idb
d:\3d\ldta-engine\ldta-engine\intermediate\x64\debug\glad.obj
d:\3d\ldta-engine\ldta-engine\intermediate\x64\debug\engine.obj
d:\3d\ldta-engine\build\x64\ldta-engine.lib
d:\3d\ldta-engine\build\x64\ldta-engine.exp
d:\3d\ldta-engine\build\x64\ldta-engine.exe
d:\3d\ldta-engine\ldta-engine\intermediate\x64\debug\ldta-engine.ilk
d:\3d\ldta-engine\build\x64\ldta-engine.pdb
d:\3d\ldta-engine\ldta-engine\intermediate\x64\debug\ldta-engine.res
d:\3d\ldta-engine\ldta-engine\intermediate\x64\debug\ldta-engine.tlog\cl.command.1.tlog
d:\3d\ldta-engine\ldta-engine\intermediate\x64\debug\ldta-engine.tlog\cl.items.tlog
d:\3d\ldta-engine\ldta-engine\intermediate\x64\debug\ldta-engine.tlog\cl.read.1.tlog
d:\3d\ldta-engine\ldta-engine\intermediate\x64\debug\ldta-engine.tlog\cl.write.1.tlog
d:\3d\ldta-engine\ldta-engine\intermediate\x64\debug\ldta-engine.tlog\link.command.1.tlog
d:\3d\ldta-engine\ldta-engine\intermediate\x64\debug\ldta-engine.tlog\link.read.1.tlog
d:\3d\ldta-engine\ldta-engine\intermediate\x64\debug\ldta-engine.tlog\link.write.1.tlog
d:\3d\ldta-engine\ldta-engine\intermediate\x64\debug\ldta-engine.tlog\link.write.2u.tlog
d:\3d\ldta-engine\ldta-engine\intermediate\x64\debug\ldta-engine.tlog\rc.command.1.tlog
d:\3d\ldta-engine\ldta-engine\intermediate\x64\debug\ldta-engine.tlog\rc.read.1.tlog
d:\3d\ldta-engine\ldta-engine\intermediate\x64\debug\ldta-engine.tlog\rc.write.1.tlog
