  engine.cpp
D:\3d\LDTA-engine\LDTA-engine\include\GL\utility.h(37,42): warning C4244: 'argument': conversion from 'DWORD' to 'WORD', possible loss of data
  (compiling source file 'src/engine.cpp')
  
D:\3d\LDTA-engine\LDTA-engine\include\GL\utility.h(56,9): warning C4838: conversion from 'unsigned int' to '_Ty' requires a narrowing conversion
D:\3d\LDTA-engine\LDTA-engine\include\GL\utility.h(56,9): warning C4838:         with
D:\3d\LDTA-engine\LDTA-engine\include\GL\utility.h(56,9): warning C4838:         [
D:\3d\LDTA-engine\LDTA-engine\include\GL\utility.h(56,9): warning C4838:             _Ty=int
D:\3d\LDTA-engine\LDTA-engine\include\GL\utility.h(56,9): warning C4838:         ]
  (compiling source file 'src/engine.cpp')
  
D:\3d\LDTA-engine\LDTA-engine\include\GL\utility.h(59,9): warning C4838: conversion from 'unsigned int' to '_Ty' requires a narrowing conversion
D:\3d\LDTA-engine\LDTA-engine\include\GL\utility.h(59,9): warning C4838:         with
D:\3d\LDTA-engine\LDTA-engine\include\GL\utility.h(59,9): warning C4838:         [
D:\3d\LDTA-engine\LDTA-engine\include\GL\utility.h(59,9): warning C4838:             _Ty=int
D:\3d\LDTA-engine\LDTA-engine\include\GL\utility.h(59,9): warning C4838:         ]
  (compiling source file 'src/engine.cpp')
  
D:\3d\LDTA-engine\LDTA-engine\include\GL\utility.h(62,9): warning C4838: conversion from 'unsigned int' to '_Ty' requires a narrowing conversion
D:\3d\LDTA-engine\LDTA-engine\include\GL\utility.h(62,9): warning C4838:         with
D:\3d\LDTA-engine\LDTA-engine\include\GL\utility.h(62,9): warning C4838:         [
D:\3d\LDTA-engine\LDTA-engine\include\GL\utility.h(62,9): warning C4838:             _Ty=int
D:\3d\LDTA-engine\LDTA-engine\include\GL\utility.h(62,9): warning C4838:         ]
  (compiling source file 'src/engine.cpp')
  
D:\3d\LDTA-engine\LDTA-engine\src\input.cpp(20,13): warning C4244: 'initializing': conversion from 'double' to 'float', possible loss of data
  (compiling source file 'src/engine.cpp')
  
D:\3d\LDTA-engine\LDTA-engine\src\input.cpp(21,13): warning C4244: 'initializing': conversion from 'double' to 'float', possible loss of data
  (compiling source file 'src/engine.cpp')
  
D:\3d\LDTA-engine\LDTA-engine\src\input.cpp(38,21): warning C4018: '>=': signed/unsigned mismatch
  (compiling source file 'src/engine.cpp')
  
D:\3d\LDTA-engine\LDTA-engine\src\input.cpp(38,62): warning C4018: '>=': signed/unsigned mismatch
  (compiling source file 'src/engine.cpp')
  
D:\3d\LDTA-engine\LDTA-engine\src\input.cpp(124,59): warning C4244: 'argument': conversion from 'double' to 'float', possible loss of data
  (compiling source file 'src/engine.cpp')
  
D:\3d\LDTA-engine\LDTA-engine\src\input.cpp(126,60): warning C4244: 'argument': conversion from 'double' to 'float', possible loss of data
  (compiling source file 'src/engine.cpp')
  
D:\3d\LDTA-engine\LDTA-engine\src\input.cpp(128,56): warning C4244: 'argument': conversion from 'double' to 'float', possible loss of data
  (compiling source file 'src/engine.cpp')
  
D:\3d\LDTA-engine\LDTA-engine\src\input.cpp(130,57): warning C4244: 'argument': conversion from 'double' to 'float', possible loss of data
  (compiling source file 'src/engine.cpp')
  
D:\3d\LDTA-engine\LDTA-engine\src\input.cpp(132,54): warning C4244: 'argument': conversion from 'double' to 'float', possible loss of data
  (compiling source file 'src/engine.cpp')
  
D:\3d\LDTA-engine\LDTA-engine\src\input.cpp(134,56): warning C4244: 'argument': conversion from 'double' to 'float', possible loss of data
  (compiling source file 'src/engine.cpp')
  
D:\3d\LDTA-engine\LDTA-engine\src\engine.cpp(205,45): warning C4244: '=': conversion from 'double' to 'T', possible loss of data
D:\3d\LDTA-engine\LDTA-engine\src\engine.cpp(205,45): warning C4244:         with
D:\3d\LDTA-engine\LDTA-engine\src\engine.cpp(205,45): warning C4244:         [
D:\3d\LDTA-engine\LDTA-engine\src\engine.cpp(205,45): warning C4244:             T=float
D:\3d\LDTA-engine\LDTA-engine\src\engine.cpp(205,45): warning C4244:         ]
D:\3d\LDTA-engine\LDTA-engine\src\engine.cpp(206,45): warning C4244: '=': conversion from 'double' to 'T', possible loss of data
D:\3d\LDTA-engine\LDTA-engine\src\engine.cpp(206,45): warning C4244:         with
D:\3d\LDTA-engine\LDTA-engine\src\engine.cpp(206,45): warning C4244:         [
D:\3d\LDTA-engine\LDTA-engine\src\engine.cpp(206,45): warning C4244:             T=float
D:\3d\LDTA-engine\LDTA-engine\src\engine.cpp(206,45): warning C4244:         ]
  LDTA-engine.vcxproj -> D:\3d\LDTA-engine\Build\x64\LDTA-engine.exe
