  engine.cpp
D:\3d\LDTA-engine\LDTA-engine\src\input.cpp(11,13): warning C4244: 'initializing': conversion from 'double' to 'float', possible loss of data
  (compiling source file 'src/engine.cpp')
  
D:\3d\LDTA-engine\LDTA-engine\src\input.cpp(12,13): warning C4244: 'initializing': conversion from 'double' to 'float', possible loss of data
  (compiling source file 'src/engine.cpp')
  
D:\3d\LDTA-engine\LDTA-engine\src\input.cpp(97,59): warning C4244: 'argument': conversion from 'double' to 'float', possible loss of data
  (compiling source file 'src/engine.cpp')
  
D:\3d\LDTA-engine\LDTA-engine\src\input.cpp(99,60): warning C4244: 'argument': conversion from 'double' to 'float', possible loss of data
  (compiling source file 'src/engine.cpp')
  
D:\3d\LDTA-engine\LDTA-engine\src\input.cpp(101,56): warning C4244: 'argument': conversion from 'double' to 'float', possible loss of data
  (compiling source file 'src/engine.cpp')
  
D:\3d\LDTA-engine\LDTA-engine\src\input.cpp(103,57): warning C4244: 'argument': conversion from 'double' to 'float', possible loss of data
  (compiling source file 'src/engine.cpp')
  
D:\3d\LDTA-engine\LDTA-engine\src\input.cpp(105,54): warning C4244: 'argument': conversion from 'double' to 'float', possible loss of data
  (compiling source file 'src/engine.cpp')
  
D:\3d\LDTA-engine\LDTA-engine\src\input.cpp(107,56): warning C4244: 'argument': conversion from 'double' to 'float', possible loss of data
  (compiling source file 'src/engine.cpp')
  
D:\3d\LDTA-engine\LDTA-engine\src\engine.cpp(216,41): warning C4244: '=': conversion from 'double' to 'T', possible loss of data
D:\3d\LDTA-engine\LDTA-engine\src\engine.cpp(216,41): warning C4244:         with
D:\3d\LDTA-engine\LDTA-engine\src\engine.cpp(216,41): warning C4244:         [
D:\3d\LDTA-engine\LDTA-engine\src\engine.cpp(216,41): warning C4244:             T=float
D:\3d\LDTA-engine\LDTA-engine\src\engine.cpp(216,41): warning C4244:         ]
D:\3d\LDTA-engine\LDTA-engine\src\engine.cpp(217,41): warning C4244: '=': conversion from 'double' to 'T', possible loss of data
D:\3d\LDTA-engine\LDTA-engine\src\engine.cpp(217,41): warning C4244:         with
D:\3d\LDTA-engine\LDTA-engine\src\engine.cpp(217,41): warning C4244:         [
D:\3d\LDTA-engine\LDTA-engine\src\engine.cpp(217,41): warning C4244:             T=float
D:\3d\LDTA-engine\LDTA-engine\src\engine.cpp(217,41): warning C4244:         ]
  LDTA-engine.vcxproj -> D:\3d\LDTA-engine\x64\Debug\LDTA-engine.exe
